.\bin\*.dll
.\include\*.h
.\src\*.cpp
.\src\*.c
.\lib\*.lib
.\data\*.grv
.\data\*.405
.\data\*.dat
.\data\*.den
.\data\*.gfc
.\m\*.m
.\m\*.mat
.\m\*.mex
.\m\mexDE405\mexde405.cpp
.\m\mexDE405\mexde405.def
.\m\mexDE405\mexde405.vcproj
.\m\mexDE405\mexversion.rc
.\m\matlabmex\matlabmex.cpp
.\m\matlabmex\matlabmex.def
.\m\matlabmex\matlabmex.vcproj
.\m\matlabmex\mexversion.rc
.\proj\*.sln
.\proj\*.dsp
.\proj\*.dsw
.\proj\*.vcxproj
.\proj\*.vcxproj.filters
.\test\*.cpp
.\test\*.h
.\test\*.vcxproj
.\readme.txt